src/lib/auth/tenant-context.ts(8,28): error TS2459: Module '"./auth-guard"' declares 'AuthUser' locally, but it is not exported.
src/lib/auth/tenant-context.ts(31,15): error TS2339: Property 'tenantId' does not exist on type 'Promise<AuthUser>'.
src/lib/auth/tenant-context.ts(31,32): error TS2339: Property 'tenantId' does not exist on type 'Promise<AuthUser>'.
src/lib/auth/tenant-context.ts(43,24): error TS2339: Property 'tenantId' does not exist on type 'Promise<AuthUser>'.
src/lib/auth/tenant-context.ts(44,22): error TS2339: Property 'sub' does not exist on type 'Promise<AuthUser>'.
src/lib/db/__tests__/model-classification.test.ts(17,1): error TS2582: Cannot find name 'describe'. Do you need to install type definitions for a test runner? Try `npm i --save-dev @types/jest` or `npm i --save-dev @types/mocha`.
src/lib/db/__tests__/model-classification.test.ts(18,5): error TS2582: Cannot find name 'describe'. Do you need to install type definitions for a test runner? Try `npm i --save-dev @types/jest` or `npm i --save-dev @types/mocha`.
src/lib/db/__tests__/model-classification.test.ts(19,9): error TS2582: Cannot find name 'it'. Do you need to install type definitions for a test runner? Try `npm i --save-dev @types/jest` or `npm i --save-dev @types/mocha`.
src/lib/db/__tests__/model-classification.test.ts(20,13): error TS2304: Cannot find name 'expect'.
src/lib/db/__tests__/model-classification.test.ts(21,13): error TS2304: Cannot find name 'expect'.
src/lib/db/__tests__/model-classification.test.ts(24,9): error TS2582: Cannot find name 'it'. Do you need to install type definitions for a test runner? Try `npm i --save-dev @types/jest` or `npm i --save-dev @types/mocha`.
src/lib/db/__tests__/model-classification.test.ts(25,13): error TS2304: Cannot find name 'expect'.
src/lib/db/__tests__/model-classification.test.ts(33,13): error TS2304: Cannot find name 'expect'.
src/lib/db/__tests__/model-classification.test.ts(36,9): error TS2582: Cannot find name 'it'. Do you need to install type definitions for a test runner? Try `npm i --save-dev @types/jest` or `npm i --save-dev @types/mocha`.
src/lib/db/__tests__/model-classification.test.ts(37,13): error TS2304: Cannot find name 'expect'.
src/lib/db/__tests__/model-classification.test.ts(42,13): error TS2304: Cannot find name 'expect'.
src/lib/db/__tests__/model-classification.test.ts(45,9): error TS2582: Cannot find name 'it'. Do you need to install type definitions for a test runner? Try `npm i --save-dev @types/jest` or `npm i --save-dev @types/mocha`.
src/lib/db/__tests__/model-classification.test.ts(52,13): error TS2304: Cannot find name 'expect'.
src/lib/db/__tests__/model-classification.test.ts(56,5): error TS2582: Cannot find name 'describe'. Do you need to install type definitions for a test runner? Try `npm i --save-dev @types/jest` or `npm i --save-dev @types/mocha`.
src/lib/db/__tests__/model-classification.test.ts(57,9): error TS2582: Cannot find name 'it'. Do you need to install type definitions for a test runner? Try `npm i --save-dev @types/jest` or `npm i --save-dev @types/mocha`.
src/lib/db/__tests__/model-classification.test.ts(59,17): error TS2304: Cannot find name 'expect'.
src/lib/db/__tests__/model-classification.test.ts(60,17): error TS2304: Cannot find name 'expect'.
src/lib/db/__tests__/model-classification.test.ts(61,17): error TS2304: Cannot find name 'expect'.
src/lib/db/__tests__/model-classification.test.ts(65,9): error TS2582: Cannot find name 'it'. Do you need to install type definitions for a test runner? Try `npm i --save-dev @types/jest` or `npm i --save-dev @types/mocha`.
src/lib/db/__tests__/model-classification.test.ts(66,13): error TS2304: Cannot find name 'expect'.
src/lib/db/__tests__/model-classification.test.ts(72,9): error TS2582: Cannot find name 'it'. Do you need to install type definitions for a test runner? Try `npm i --save-dev @types/jest` or `npm i --save-dev @types/mocha`.
src/lib/db/__tests__/model-classification.test.ts(73,13): error TS2304: Cannot find name 'expect'.
src/lib/db/__tests__/model-classification.test.ts(76,9): error TS2582: Cannot find name 'it'. Do you need to install type definitions for a test runner? Try `npm i --save-dev @types/jest` or `npm i --save-dev @types/mocha`.
src/lib/db/__tests__/model-classification.test.ts(77,13): error TS2304: Cannot find name 'expect'.
src/lib/db/__tests__/model-classification.test.ts(81,5): error TS2582: Cannot find name 'describe'. Do you need to install type definitions for a test runner? Try `npm i --save-dev @types/jest` or `npm i --save-dev @types/mocha`.
src/lib/db/__tests__/model-classification.test.ts(82,9): error TS2582: Cannot find name 'it'. Do you need to install type definitions for a test runner? Try `npm i --save-dev @types/jest` or `npm i --save-dev @types/mocha`.
src/lib/db/__tests__/model-classification.test.ts(83,13): error TS2304: Cannot find name 'expect'.
src/lib/db/__tests__/model-classification.test.ts(84,13): error TS2304: Cannot find name 'expect'.
src/lib/db/__tests__/model-classification.test.ts(85,13): error TS2304: Cannot find name 'expect'.
src/lib/db/__tests__/model-classification.test.ts(88,9): error TS2582: Cannot find name 'it'. Do you need to install type definitions for a test runner? Try `npm i --save-dev @types/jest` or `npm i --save-dev @types/mocha`.
src/lib/db/__tests__/model-classification.test.ts(89,13): error TS2304: Cannot find name 'expect'.
src/lib/db/__tests__/model-classification.test.ts(90,13): error TS2304: Cannot find name 'expect'.
src/lib/db/__tests__/model-classification.test.ts(93,9): error TS2582: Cannot find name 'it'. Do you need to install type definitions for a test runner? Try `npm i --save-dev @types/jest` or `npm i --save-dev @types/mocha`.
src/lib/db/__tests__/model-classification.test.ts(94,13): error TS2304: Cannot find name 'expect'.
src/lib/db/__tests__/model-classification.test.ts(95,13): error TS2304: Cannot find name 'expect'.
src/lib/db/__tests__/model-classification.test.ts(98,9): error TS2582: Cannot find name 'it'. Do you need to install type definitions for a test runner? Try `npm i --save-dev @types/jest` or `npm i --save-dev @types/mocha`.
src/lib/db/__tests__/model-classification.test.ts(99,13): error TS2304: Cannot find name 'expect'.
src/lib/db/__tests__/model-classification.test.ts(103,5): error TS2582: Cannot find name 'describe'. Do you need to install type definitions for a test runner? Try `npm i --save-dev @types/jest` or `npm i --save-dev @types/mocha`.
src/lib/db/__tests__/model-classification.test.ts(104,9): error TS2582: Cannot find name 'it'. Do you need to install type definitions for a test runner? Try `npm i --save-dev @types/jest` or `npm i --save-dev @types/mocha`.
src/lib/db/__tests__/model-classification.test.ts(105,13): error TS2304: Cannot find name 'expect'.
src/lib/db/__tests__/model-classification.test.ts(106,13): error TS2304: Cannot find name 'expect'.
src/lib/db/__tests__/model-classification.test.ts(107,13): error TS2304: Cannot find name 'expect'.
src/lib/db/__tests__/model-classification.test.ts(110,9): error TS2582: Cannot find name 'it'. Do you need to install type definitions for a test runner? Try `npm i --save-dev @types/jest` or `npm i --save-dev @types/mocha`.
src/lib/db/__tests__/model-classification.test.ts(111,13): error TS2304: Cannot find name 'expect'.
src/lib/db/__tests__/model-classification.test.ts(112,13): error TS2304: Cannot find name 'expect'.
src/lib/db/__tests__/model-classification.test.ts(115,9): error TS2582: Cannot find name 'it'. Do you need to install type definitions for a test runner? Try `npm i --save-dev @types/jest` or `npm i --save-dev @types/mocha`.
src/lib/db/__tests__/model-classification.test.ts(116,13): error TS2304: Cannot find name 'expect'.
src/lib/db/__tests__/model-classification.test.ts(117,13): error TS2304: Cannot find name 'expect'.
src/lib/db/__tests__/model-classification.test.ts(120,9): error TS2582: Cannot find name 'it'. Do you need to install type definitions for a test runner? Try `npm i --save-dev @types/jest` or `npm i --save-dev @types/mocha`.
src/lib/db/__tests__/model-classification.test.ts(121,13): error TS2304: Cannot find name 'expect'.
src/lib/db/__tests__/model-classification.test.ts(125,5): error TS2582: Cannot find name 'describe'. Do you need to install type definitions for a test runner? Try `npm i --save-dev @types/jest` or `npm i --save-dev @types/mocha`.
src/lib/db/__tests__/model-classification.test.ts(126,9): error TS2582: Cannot find name 'it'. Do you need to install type definitions for a test runner? Try `npm i --save-dev @types/jest` or `npm i --save-dev @types/mocha`.
src/lib/db/__tests__/model-classification.test.ts(127,13): error TS2304: Cannot find name 'expect'.
src/lib/db/__tests__/model-classification.test.ts(128,13): error TS2304: Cannot find name 'expect'.
src/lib/db/__tests__/model-classification.test.ts(129,13): error TS2304: Cannot find name 'expect'.
src/lib/db/__tests__/model-classification.test.ts(132,9): error TS2582: Cannot find name 'it'. Do you need to install type definitions for a test runner? Try `npm i --save-dev @types/jest` or `npm i --save-dev @types/mocha`.
src/lib/db/__tests__/model-classification.test.ts(133,13): error TS2304: Cannot find name 'expect'.
src/lib/db/__tests__/model-classification.test.ts(134,13): error TS2304: Cannot find name 'expect'.
src/lib/db/__tests__/model-classification.test.ts(137,9): error TS2582: Cannot find name 'it'. Do you need to install type definitions for a test runner? Try `npm i --save-dev @types/jest` or `npm i --save-dev @types/mocha`.
src/lib/db/__tests__/model-classification.test.ts(138,13): error TS2304: Cannot find name 'expect'.
src/lib/db/__tests__/model-classification.test.ts(139,13): error TS2304: Cannot find name 'expect'.
src/lib/db/__tests__/model-classification.test.ts(142,9): error TS2582: Cannot find name 'it'. Do you need to install type definitions for a test runner? Try `npm i --save-dev @types/jest` or `npm i --save-dev @types/mocha`.
src/lib/db/__tests__/model-classification.test.ts(143,13): error TS2304: Cannot find name 'expect'.
src/lib/db/__tests__/tenant-middleware.test.ts(11,12): error TS2304: Cannot find name 'jest'.
src/lib/db/__tests__/tenant-middleware.test.ts(14,1): error TS2582: Cannot find name 'describe'. Do you need to install type definitions for a test runner? Try `npm i --save-dev @types/jest` or `npm i --save-dev @types/mocha`.
src/lib/db/__tests__/tenant-middleware.test.ts(18,5): error TS2304: Cannot find name 'beforeEach'.
src/lib/db/__tests__/tenant-middleware.test.ts(23,9): error TS2304: Cannot find name 'jest'.
src/lib/db/__tests__/tenant-middleware.test.ts(26,5): error TS2304: Cannot find name 'afterAll'.
src/lib/db/__tests__/tenant-middleware.test.ts(31,5): error TS2582: Cannot find name 'describe'. Do you need to install type definitions for a test runner? Try `npm i --save-dev @types/jest` or `npm i --save-dev @types/mocha`.
src/lib/db/__tests__/tenant-middleware.test.ts(32,9): error TS2582: Cannot find name 'it'. Do you need to install type definitions for a test runner? Try `npm i --save-dev @types/jest` or `npm i --save-dev @types/mocha`.
src/lib/db/__tests__/tenant-middleware.test.ts(42,45): error TS2345: Argument of type '{ model: string; action: any; args: { where: { isActive: boolean; }; }; }' is not assignable to parameter of type 'MiddlewareParams'.
  Type '{ model: string; action: any; args: { where: { isActive: boolean; }; }; }' is missing the following properties from type 'MiddlewareParams': dataPath, runInTransaction
src/lib/db/__tests__/tenant-middleware.test.ts(44,13): error TS2304: Cannot find name 'expect'.
src/lib/db/__tests__/tenant-middleware.test.ts(45,13): error TS2304: Cannot find name 'expect'.
src/lib/db/__tests__/tenant-middleware.test.ts(48,9): error TS2582: Cannot find name 'it'. Do you need to install type definitions for a test runner? Try `npm i --save-dev @types/jest` or `npm i --save-dev @types/mocha`.
src/lib/db/__tests__/tenant-middleware.test.ts(59,45): error TS2345: Argument of type '{ model: string; action: any; args: { where: { isActive: boolean; }; }; }' is not assignable to parameter of type 'MiddlewareParams'.
  Type '{ model: string; action: any; args: { where: { isActive: boolean; }; }; }' is missing the following properties from type 'MiddlewareParams': dataPath, runInTransaction
src/lib/db/__tests__/tenant-middleware.test.ts(61,13): error TS2304: Cannot find name 'expect'.
src/lib/db/__tests__/tenant-middleware.test.ts(62,13): error TS2304: Cannot find name 'expect'.
src/lib/db/__tests__/tenant-middleware.test.ts(65,9): error TS2582: Cannot find name 'it'. Do you need to install type definitions for a test runner? Try `npm i --save-dev @types/jest` or `npm i --save-dev @types/mocha`.
src/lib/db/__tests__/tenant-middleware.test.ts(77,45): error TS2345: Argument of type '{ model: string; action: any; args: { where: { isActive: boolean; }; }; }' is not assignable to parameter of type 'MiddlewareParams'.
  Type '{ model: string; action: any; args: { where: { isActive: boolean; }; }; }' is missing the following properties from type 'MiddlewareParams': dataPath, runInTransaction
src/lib/db/__tests__/tenant-middleware.test.ts(79,13): error TS2304: Cannot find name 'expect'.
src/lib/db/__tests__/tenant-middleware.test.ts(80,13): error TS2304: Cannot find name 'expect'.
src/lib/db/__tests__/tenant-middleware.test.ts(83,9): error TS2582: Cannot find name 'it'. Do you need to install type definitions for a test runner? Try `npm i --save-dev @types/jest` or `npm i --save-dev @types/mocha`.
src/lib/db/__tests__/tenant-middleware.test.ts(93,45): error TS2345: Argument of type '{ model: string; action: any; args: { where: { isActive: boolean; }; }; }' is not assignable to parameter of type 'MiddlewareParams'.
  Type '{ model: string; action: any; args: { where: { isActive: boolean; }; }; }' is missing the following properties from type 'MiddlewareParams': dataPath, runInTransaction
src/lib/db/__tests__/tenant-middleware.test.ts(95,13): error TS2304: Cannot find name 'expect'.
src/lib/db/__tests__/tenant-middleware.test.ts(96,13): error TS2304: Cannot find name 'expect'.
src/lib/db/__tests__/tenant-middleware.test.ts(100,5): error TS2582: Cannot find name 'describe'. Do you need to install type definitions for a test runner? Try `npm i --save-dev @types/jest` or `npm i --save-dev @types/mocha`.
src/lib/db/__tests__/tenant-middleware.test.ts(101,9): error TS2582: Cannot find name 'it'. Do you need to install type definitions for a test runner? Try `npm i --save-dev @types/jest` or `npm i --save-dev @types/mocha`.
src/lib/db/__tests__/tenant-middleware.test.ts(113,45): error TS2345: Argument of type '{ model: string; action: any; args: { where: {}; }; }' is not assignable to parameter of type 'MiddlewareParams'.
  Type '{ model: string; action: any; args: { where: {}; }; }' is missing the following properties from type 'MiddlewareParams': dataPath, runInTransaction
src/lib/db/__tests__/tenant-middleware.test.ts(115,13): error TS2304: Cannot find name 'expect'.
src/lib/db/__tests__/tenant-middleware.test.ts(116,13): error TS2304: Cannot find name 'expect'.
src/lib/db/__tests__/tenant-middleware.test.ts(119,9): error TS2582: Cannot find name 'it'. Do you need to install type definitions for a test runner? Try `npm i --save-dev @types/jest` or `npm i --save-dev @types/mocha`.
src/lib/db/__tests__/tenant-middleware.test.ts(131,45): error TS2345: Argument of type '{ model: string; action: any; args: { where: { isActive: boolean; }; }; }' is not assignable to parameter of type 'MiddlewareParams'.
  Type '{ model: string; action: any; args: { where: { isActive: boolean; }; }; }' is missing the following properties from type 'MiddlewareParams': dataPath, runInTransaction
src/lib/db/__tests__/tenant-middleware.test.ts(133,13): error TS2304: Cannot find name 'expect'.
src/lib/db/__tests__/tenant-middleware.test.ts(134,13): error TS2304: Cannot find name 'expect'.
src/lib/db/__tests__/tenant-middleware.test.ts(137,9): error TS2582: Cannot find name 'it'. Do you need to install type definitions for a test runner? Try `npm i --save-dev @types/jest` or `npm i --save-dev @types/mocha`.
src/lib/db/__tests__/tenant-middleware.test.ts(149,45): error TS2345: Argument of type '{ model: string; action: any; args: { where: { email: string; }; }; }' is not assignable to parameter of type 'MiddlewareParams'.
  Type '{ model: string; action: any; args: { where: { email: string; }; }; }' is missing the following properties from type 'MiddlewareParams': dataPath, runInTransaction
src/lib/db/__tests__/tenant-middleware.test.ts(151,13): error TS2304: Cannot find name 'expect'.
src/lib/db/__tests__/tenant-middleware.test.ts(152,13): error TS2304: Cannot find name 'expect'.
src/lib/db/__tests__/tenant-middleware.test.ts(156,5): error TS2582: Cannot find name 'describe'. Do you need to install type definitions for a test runner? Try `npm i --save-dev @types/jest` or `npm i --save-dev @types/mocha`.
src/lib/db/__tests__/tenant-middleware.test.ts(157,9): error TS2582: Cannot find name 'it'. Do you need to install type definitions for a test runner? Try `npm i --save-dev @types/jest` or `npm i --save-dev @types/mocha`.
src/lib/db/__tests__/tenant-middleware.test.ts(164,29): error TS2304: Cannot find name 'jest'.
src/lib/db/__tests__/tenant-middleware.test.ts(172,45): error TS2345: Argument of type '{ model: string; action: any; args: { where: { isActive: boolean; }; }; }' is not assignable to parameter of type 'MiddlewareParams'.
  Type '{ model: string; action: any; args: { where: { isActive: boolean; }; }; }' is missing the following properties from type 'MiddlewareParams': dataPath, runInTransaction
src/lib/db/__tests__/tenant-middleware.test.ts(174,13): error TS2304: Cannot find name 'expect'.
src/lib/db/__tests__/tenant-middleware.test.ts(174,70): error TS2304: Cannot find name 'expect'.
src/lib/db/__tests__/tenant-middleware.test.ts(179,13): error TS2304: Cannot find name 'expect'.
src/lib/db/__tests__/tenant-middleware.test.ts(180,13): error TS2304: Cannot find name 'expect'.
src/lib/db/__tests__/tenant-middleware.test.ts(185,9): error TS2582: Cannot find name 'it'. Do you need to install type definitions for a test runner? Try `npm i --save-dev @types/jest` or `npm i --save-dev @types/mocha`.
src/lib/db/__tests__/tenant-middleware.test.ts(191,29): error TS2304: Cannot find name 'jest'.
src/lib/db/__tests__/tenant-middleware.test.ts(199,45): error TS2345: Argument of type '{ model: string; action: any; args: { where: { tenantId: number; isActive: boolean; }; }; }' is not assignable to parameter of type 'MiddlewareParams'.
  Type '{ model: string; action: any; args: { where: { tenantId: number; isActive: boolean; }; }; }' is missing the following properties from type 'MiddlewareParams': dataPath, runInTransaction
src/lib/db/__tests__/tenant-middleware.test.ts(201,13): error TS2304: Cannot find name 'expect'.
src/lib/db/__tests__/tenant-middleware.test.ts(202,13): error TS2304: Cannot find name 'expect'.
src/lib/db/__tests__/tenant-middleware.test.ts(203,13): error TS2304: Cannot find name 'expect'.
src/lib/db/__tests__/tenant-middleware.test.ts(209,5): error TS2582: Cannot find name 'describe'. Do you need to install type definitions for a test runner? Try `npm i --save-dev @types/jest` or `npm i --save-dev @types/mocha`.
src/lib/db/__tests__/tenant-middleware.test.ts(210,9): error TS2582: Cannot find name 'it'. Do you need to install type definitions for a test runner? Try `npm i --save-dev @types/jest` or `npm i --save-dev @types/mocha`.
src/lib/db/__tests__/tenant-middleware.test.ts(222,19): error TS2304: Cannot find name 'expect'.
src/lib/db/__tests__/tenant-middleware.test.ts(222,37): error TS2345: Argument of type '{ model: string; action: any; args: { where: { isActive: boolean; }; }; }' is not assignable to parameter of type 'MiddlewareParams'.
  Type '{ model: string; action: any; args: { where: { isActive: boolean; }; }; }' is missing the following properties from type 'MiddlewareParams': dataPath, runInTransaction
src/lib/db/__tests__/tenant-middleware.test.ts(223,19): error TS2304: Cannot find name 'expect'.
src/lib/db/__tests__/tenant-middleware.test.ts(223,37): error TS2345: Argument of type '{ model: string; action: any; args: { where: { isActive: boolean; }; }; }' is not assignable to parameter of type 'MiddlewareParams'.
  Type '{ model: string; action: any; args: { where: { isActive: boolean; }; }; }' is missing the following properties from type 'MiddlewareParams': dataPath, runInTransaction
src/lib/db/__tests__/tenant-middleware.test.ts(224,13): error TS2304: Cannot find name 'expect'.
src/lib/db/__tests__/tenant-middleware.test.ts(227,9): error TS2582: Cannot find name 'it'. Do you need to install type definitions for a test runner? Try `npm i --save-dev @types/jest` or `npm i --save-dev @types/mocha`.
src/lib/db/__tests__/tenant-middleware.test.ts(239,45): error TS2345: Argument of type '{ model: string; action: any; args: { where: { tenantId: number; isActive: boolean; }; }; }' is not assignable to parameter of type 'MiddlewareParams'.
  Type '{ model: string; action: any; args: { where: { tenantId: number; isActive: boolean; }; }; }' is missing the following properties from type 'MiddlewareParams': dataPath, runInTransaction
src/lib/db/__tests__/tenant-middleware.test.ts(241,13): error TS2304: Cannot find name 'expect'.
src/lib/db/__tests__/tenant-middleware.test.ts(242,13): error TS2304: Cannot find name 'expect'.
src/lib/db/__tests__/tenant-middleware.test.ts(245,9): error TS2582: Cannot find name 'it'. Do you need to install type definitions for a test runner? Try `npm i --save-dev @types/jest` or `npm i --save-dev @types/mocha`.
src/lib/db/__tests__/tenant-middleware.test.ts(257,19): error TS2304: Cannot find name 'expect'.
src/lib/db/__tests__/tenant-middleware.test.ts(257,37): error TS2345: Argument of type '{ model: string; action: any; args: { where: { tokenHash: string; }; }; }' is not assignable to parameter of type 'MiddlewareParams'.
  Type '{ model: string; action: any; args: { where: { tokenHash: string; }; }; }' is missing the following properties from type 'MiddlewareParams': dataPath, runInTransaction
src/lib/db/__tests__/tenant-middleware.test.ts(258,13): error TS2304: Cannot find name 'expect'.
src/lib/db/__tests__/tenant-middleware.test.ts(261,9): error TS2582: Cannot find name 'it'. Do you need to install type definitions for a test runner? Try `npm i --save-dev @types/jest` or `npm i --save-dev @types/mocha`.
src/lib/db/__tests__/tenant-middleware.test.ts(273,45): error TS2345: Argument of type '{ model: string; action: any; args: { where: { tokenHash: string; user: { tenantId: number; }; }; }; }' is not assignable to parameter of type 'MiddlewareParams'.
  Type '{ model: string; action: any; args: { where: { tokenHash: string; user: { tenantId: number; }; }; }; }' is missing the following properties from type 'MiddlewareParams': dataPath, runInTransaction
src/lib/db/__tests__/tenant-middleware.test.ts(275,13): error TS2304: Cannot find name 'expect'.
src/lib/db/__tests__/tenant-middleware.test.ts(276,13): error TS2304: Cannot find name 'expect'.
src/lib/db/__tests__/tenant-middleware.test.ts(280,5): error TS2582: Cannot find name 'describe'. Do you need to install type definitions for a test runner? Try `npm i --save-dev @types/jest` or `npm i --save-dev @types/mocha`.
src/lib/db/__tests__/tenant-middleware.test.ts(281,9): error TS2582: Cannot find name 'it'. Do you need to install type definitions for a test runner? Try `npm i --save-dev @types/jest` or `npm i --save-dev @types/mocha`.
src/lib/db/__tests__/tenant-middleware.test.ts(293,19): error TS2304: Cannot find name 'expect'.
src/lib/db/__tests__/tenant-middleware.test.ts(293,37): error TS2345: Argument of type '{ model: string; action: any; args: { where: { isActive: boolean; }; }; }' is not assignable to parameter of type 'MiddlewareParams'.
  Type '{ model: string; action: any; args: { where: { isActive: boolean; }; }; }' is missing the following properties from type 'MiddlewareParams': dataPath, runInTransaction
src/lib/db/__tests__/tenant-middleware.test.ts(296,29): error TS2304: Cannot find name 'jest'.
src/lib/db/__tests__/tenant-middleware.test.ts(303,30): error TS2345: Argument of type '{ model: string; action: any; args: { where: { action: string; }; }; }' is not assignable to parameter of type 'MiddlewareParams'.
  Type '{ model: string; action: any; args: { where: { action: string; }; }; }' is missing the following properties from type 'MiddlewareParams': dataPath, runInTransaction
src/lib/db/__tests__/tenant-middleware.test.ts(304,13): error TS2304: Cannot find name 'expect'.
src/lib/db/__tests__/tenant-middleware.test.ts(305,13): error TS2304: Cannot find name 'expect'.
src/lib/db/__tests__/tenant-middleware.test.ts(311,5): error TS2582: Cannot find name 'describe'. Do you need to install type definitions for a test runner? Try `npm i --save-dev @types/jest` or `npm i --save-dev @types/mocha`.
src/lib/db/__tests__/tenant-middleware.test.ts(312,9): error TS2582: Cannot find name 'it'. Do you need to install type definitions for a test runner? Try `npm i --save-dev @types/jest` or `npm i --save-dev @types/mocha`.
src/lib/db/__tests__/tenant-middleware.test.ts(318,29): error TS2304: Cannot find name 'jest'.
src/lib/db/__tests__/tenant-middleware.test.ts(332,45): error TS2345: Argument of type '{ model: string; action: any; args: { ctx: { _bypassTenantCheck: boolean; _bypassReason: string; _bypassAuthorizedBy: string; }; }; }' is not assignable to parameter of type 'MiddlewareParams'.
  Type '{ model: string; action: any; args: { ctx: { _bypassTenantCheck: boolean; _bypassReason: string; _bypassAuthorizedBy: string; }; }; }' is missing the following properties from type 'MiddlewareParams': dataPath, runInTransaction
src/lib/db/__tests__/tenant-middleware.test.ts(334,13): error TS2304: Cannot find name 'expect'.
src/lib/db/__tests__/tenant-middleware.test.ts(334,72): error TS2304: Cannot find name 'expect'.
src/lib/db/__tests__/tenant-middleware.test.ts(340,13): error TS2304: Cannot find name 'expect'.
src/lib/db/__tests__/tenant-middleware.test.ts(341,13): error TS2304: Cannot find name 'expect'.
src/lib/db/__tests__/tenant-middleware.test.ts(346,9): error TS2582: Cannot find name 'it'. Do you need to install type definitions for a test runner? Try `npm i --save-dev @types/jest` or `npm i --save-dev @types/mocha`.
src/lib/db/__tests__/tenant-middleware.test.ts(363,19): error TS2304: Cannot find name 'expect'.
src/lib/db/__tests__/tenant-middleware.test.ts(363,37): error TS2345: Argument of type '{ model: string; action: any; args: { ctx: { _bypassTenantCheck: boolean; }; }; }' is not assignable to parameter of type 'MiddlewareParams'.
  Type '{ model: string; action: any; args: { ctx: { _bypassTenantCheck: boolean; }; }; }' is missing the following properties from type 'MiddlewareParams': dataPath, runInTransaction
src/lib/db/__tests__/tenant-middleware.test.ts(364,13): error TS2304: Cannot find name 'expect'.
src/lib/db/__tests__/tenant-middleware.test.ts(367,9): error TS2582: Cannot find name 'it'. Do you need to install type definitions for a test runner? Try `npm i --save-dev @types/jest` or `npm i --save-dev @types/mocha`.
src/lib/db/__tests__/tenant-middleware.test.ts(387,19): error TS2304: Cannot find name 'expect'.
src/lib/db/__tests__/tenant-middleware.test.ts(387,37): error TS2345: Argument of type '{ model: string; action: any; args: { ctx: { _bypassTenantCheck: boolean; _bypassReason: string; _bypassAuthorizedBy: string; }; }; }' is not assignable to parameter of type 'MiddlewareParams'.
  Type '{ model: string; action: any; args: { ctx: { _bypassTenantCheck: boolean; _bypassReason: string; _bypassAuthorizedBy: string; }; }; }' is missing the following properties from type 'MiddlewareParams': dataPath, runInTransaction
src/lib/db/__tests__/tenant-middleware.test.ts(388,13): error TS2304: Cannot find name 'expect'.
src/lib/db/__tests__/tenant-middleware.test.ts(392,5): error TS2582: Cannot find name 'describe'. Do you need to install type definitions for a test runner? Try `npm i --save-dev @types/jest` or `npm i --save-dev @types/mocha`.
src/lib/db/__tests__/tenant-middleware.test.ts(393,9): error TS2582: Cannot find name 'it'. Do you need to install type definitions for a test runner? Try `npm i --save-dev @types/jest` or `npm i --save-dev @types/mocha`.
src/lib/db/__tests__/tenant-middleware.test.ts(407,13): error TS2304: Cannot find name 'expect'.
src/lib/db/__tests__/tenant-middleware.test.ts(408,13): error TS2304: Cannot find name 'expect'.
src/lib/db/__tests__/tenant-middleware.test.ts(411,9): error TS2582: Cannot find name 'it'. Do you need to install type definitions for a test runner? Try `npm i --save-dev @types/jest` or `npm i --save-dev @types/mocha`.
src/lib/db/__tests__/tenant-middleware.test.ts(423,19): error TS2304: Cannot find name 'expect'.
src/lib/db/__tests__/tenant-validation.test.ts(13,1): error TS2582: Cannot find name 'describe'. Do you need to install type definitions for a test runner? Try `npm i --save-dev @types/jest` or `npm i --save-dev @types/mocha`.
src/lib/db/__tests__/tenant-validation.test.ts(14,5): error TS2582: Cannot find name 'describe'. Do you need to install type definitions for a test runner? Try `npm i --save-dev @types/jest` or `npm i --save-dev @types/mocha`.
src/lib/db/__tests__/tenant-validation.test.ts(15,9): error TS2582: Cannot find name 'it'. Do you need to install type definitions for a test runner? Try `npm i --save-dev @types/jest` or `npm i --save-dev @types/mocha`.
src/lib/db/__tests__/tenant-validation.test.ts(16,13): error TS2304: Cannot find name 'expect'.
src/lib/db/__tests__/tenant-validation.test.ts(17,13): error TS2304: Cannot find name 'expect'.
src/lib/db/__tests__/tenant-validation.test.ts(20,9): error TS2582: Cannot find name 'it'. Do you need to install type definitions for a test runner? Try `npm i --save-dev @types/jest` or `npm i --save-dev @types/mocha`.
src/lib/db/__tests__/tenant-validation.test.ts(22,13): error TS2304: Cannot find name 'expect'.
src/lib/db/__tests__/tenant-validation.test.ts(25,9): error TS2582: Cannot find name 'it'. Do you need to install type definitions for a test runner? Try `npm i --save-dev @types/jest` or `npm i --save-dev @types/mocha`.
src/lib/db/__tests__/tenant-validation.test.ts(26,13): error TS2304: Cannot find name 'expect'.
src/lib/db/__tests__/tenant-validation.test.ts(27,13): error TS2304: Cannot find name 'expect'.
src/lib/db/__tests__/tenant-validation.test.ts(30,9): error TS2582: Cannot find name 'it'. Do you need to install type definitions for a test runner? Try `npm i --save-dev @types/jest` or `npm i --save-dev @types/mocha`.
src/lib/db/__tests__/tenant-validation.test.ts(31,13): error TS2304: Cannot find name 'expect'.
src/lib/db/__tests__/tenant-validation.test.ts(32,13): error TS2304: Cannot find name 'expect'.
src/lib/db/__tests__/tenant-validation.test.ts(36,5): error TS2582: Cannot find name 'describe'. Do you need to install type definitions for a test runner? Try `npm i --save-dev @types/jest` or `npm i --save-dev @types/mocha`.
src/lib/db/__tests__/tenant-validation.test.ts(37,9): error TS2582: Cannot find name 'describe'. Do you need to install type definitions for a test runner? Try `npm i --save-dev @types/jest` or `npm i --save-dev @types/mocha`.
src/lib/db/__tests__/tenant-validation.test.ts(38,13): error TS2582: Cannot find name 'it'. Do you need to install type definitions for a test runner? Try `npm i --save-dev @types/jest` or `npm i --save-dev @types/mocha`.
src/lib/db/__tests__/tenant-validation.test.ts(39,17): error TS2304: Cannot find name 'expect'.
src/lib/db/__tests__/tenant-validation.test.ts(44,13): error TS2582: Cannot find name 'it'. Do you need to install type definitions for a test runner? Try `npm i --save-dev @types/jest` or `npm i --save-dev @types/mocha`.
src/lib/db/__tests__/tenant-validation.test.ts(45,17): error TS2304: Cannot find name 'expect'.
src/lib/db/__tests__/tenant-validation.test.ts(50,13): error TS2582: Cannot find name 'it'. Do you need to install type definitions for a test runner? Try `npm i --save-dev @types/jest` or `npm i --save-dev @types/mocha`.
src/lib/db/__tests__/tenant-validation.test.ts(51,17): error TS2304: Cannot find name 'expect'.
src/lib/db/__tests__/tenant-validation.test.ts(57,13): error TS2582: Cannot find name 'it'. Do you need to install type definitions for a test runner? Try `npm i --save-dev @types/jest` or `npm i --save-dev @types/mocha`.
src/lib/db/__tests__/tenant-validation.test.ts(58,17): error TS2304: Cannot find name 'expect'.
src/lib/db/__tests__/tenant-validation.test.ts(63,13): error TS2582: Cannot find name 'it'. Do you need to install type definitions for a test runner? Try `npm i --save-dev @types/jest` or `npm i --save-dev @types/mocha`.
src/lib/db/__tests__/tenant-validation.test.ts(64,17): error TS2304: Cannot find name 'expect'.
src/lib/db/__tests__/tenant-validation.test.ts(70,9): error TS2582: Cannot find name 'describe'. Do you need to install type definitions for a test runner? Try `npm i --save-dev @types/jest` or `npm i --save-dev @types/mocha`.
src/lib/db/__tests__/tenant-validation.test.ts(71,13): error TS2582: Cannot find name 'it'. Do you need to install type definitions for a test runner? Try `npm i --save-dev @types/jest` or `npm i --save-dev @types/mocha`.
src/lib/db/__tests__/tenant-validation.test.ts(72,17): error TS2304: Cannot find name 'expect'.
src/lib/db/__tests__/tenant-validation.test.ts(77,13): error TS2582: Cannot find name 'it'. Do you need to install type definitions for a test runner? Try `npm i --save-dev @types/jest` or `npm i --save-dev @types/mocha`.
src/lib/db/__tests__/tenant-validation.test.ts(78,17): error TS2304: Cannot find name 'expect'.
src/lib/db/__tests__/tenant-validation.test.ts(84,9): error TS2582: Cannot find name 'describe'. Do you need to install type definitions for a test runner? Try `npm i --save-dev @types/jest` or `npm i --save-dev @types/mocha`.
src/lib/db/__tests__/tenant-validation.test.ts(85,13): error TS2582: Cannot find name 'it'. Do you need to install type definitions for a test runner? Try `npm i --save-dev @types/jest` or `npm i --save-dev @types/mocha`.
src/lib/db/__tests__/tenant-validation.test.ts(86,17): error TS2304: Cannot find name 'expect'.
src/lib/db/__tests__/tenant-validation.test.ts(91,13): error TS2582: Cannot find name 'it'. Do you need to install type definitions for a test runner? Try `npm i --save-dev @types/jest` or `npm i --save-dev @types/mocha`.
src/lib/db/__tests__/tenant-validation.test.ts(92,17): error TS2304: Cannot find name 'expect'.
src/lib/db/__tests__/tenant-validation.test.ts(98,9): error TS2582: Cannot find name 'it'. Do you need to install type definitions for a test runner? Try `npm i --save-dev @types/jest` or `npm i --save-dev @types/mocha`.
src/lib/db/__tests__/tenant-validation.test.ts(99,13): error TS2304: Cannot find name 'expect'.
src/lib/db/__tests__/tenant-validation.test.ts(104,9): error TS2582: Cannot find name 'it'. Do you need to install type definitions for a test runner? Try `npm i --save-dev @types/jest` or `npm i --save-dev @types/mocha`.
src/lib/db/__tests__/tenant-validation.test.ts(105,13): error TS2304: Cannot find name 'expect'.
src/lib/db/__tests__/tenant-validation.test.ts(106,13): error TS2304: Cannot find name 'expect'.
src/lib/db/__tests__/tenant-validation.test.ts(110,5): error TS2582: Cannot find name 'describe'. Do you need to install type definitions for a test runner? Try `npm i --save-dev @types/jest` or `npm i --save-dev @types/mocha`.
src/lib/db/__tests__/tenant-validation.test.ts(111,9): error TS2582: Cannot find name 'it'. Do you need to install type definitions for a test runner? Try `npm i --save-dev @types/jest` or `npm i --save-dev @types/mocha`.
src/lib/db/__tests__/tenant-validation.test.ts(112,13): error TS2304: Cannot find name 'expect'.
src/lib/db/__tests__/tenant-validation.test.ts(113,13): error TS2304: Cannot find name 'expect'.
src/lib/db/__tests__/tenant-validation.test.ts(114,13): error TS2304: Cannot find name 'expect'.
src/lib/db/__tests__/tenant-validation.test.ts(117,9): error TS2582: Cannot find name 'it'. Do you need to install type definitions for a test runner? Try `npm i --save-dev @types/jest` or `npm i --save-dev @types/mocha`.
src/lib/db/__tests__/tenant-validation.test.ts(118,13): error TS2304: Cannot find name 'expect'.
src/lib/db/__tests__/tenant-validation.test.ts(123,9): error TS2582: Cannot find name 'it'. Do you need to install type definitions for a test runner? Try `npm i --save-dev @types/jest` or `npm i --save-dev @types/mocha`.
src/lib/db/__tests__/tenant-validation.test.ts(124,13): error TS2304: Cannot find name 'expect'.
src/lib/db/__tests__/tenant-validation.test.ts(131,9): error TS2582: Cannot find name 'it'. Do you need to install type definitions for a test runner? Try `npm i --save-dev @types/jest` or `npm i --save-dev @types/mocha`.
src/lib/db/__tests__/tenant-validation.test.ts(132,13): error TS2304: Cannot find name 'expect'.
src/lib/db/__tests__/tenant-validation.test.ts(136,13): error TS2304: Cannot find name 'expect'.
src/lib/db/__tests__/tenant-validation.test.ts(142,9): error TS2582: Cannot find name 'it'. Do you need to install type definitions for a test runner? Try `npm i --save-dev @types/jest` or `npm i --save-dev @types/mocha`.
src/lib/db/__tests__/tenant-validation.test.ts(143,13): error TS2304: Cannot find name 'expect'.
src/lib/db/__tests__/tenant-validation.test.ts(147,13): error TS2304: Cannot find name 'expect'.
src/lib/db/__tests__/tenant-validation.test.ts(153,9): error TS2582: Cannot find name 'it'. Do you need to install type definitions for a test runner? Try `npm i --save-dev @types/jest` or `npm i --save-dev @types/mocha`.
src/lib/db/__tests__/tenant-validation.test.ts(154,13): error TS2304: Cannot find name 'expect'.
src/lib/db/__tests__/tenant-validation.test.ts(161,9): error TS2582: Cannot find name 'it'. Do you need to install type definitions for a test runner? Try `npm i --save-dev @types/jest` or `npm i --save-dev @types/mocha`.
src/lib/db/__tests__/tenant-validation.test.ts(162,13): error TS2304: Cannot find name 'expect'.
